<?xml version="1.0" encoding="UTF-8"?>
<testng-results ignored="0" total="2" passed="2" failed="0" skipped="0">
  <reporter-output>
  </reporter-output>
  <suite started-at="2023-07-20T13:30:37 IST" name="Default suite" finished-at="2023-07-20T13:31:03 IST" duration-ms="25579">
    <groups>
    </groups>
    <test started-at="2023-07-20T13:30:37 IST" name="Default test" finished-at="2023-07-20T13:31:03 IST" duration-ms="25579">
      <class name="com.saucelabs.testcases.LoginTest">
        <test-method is-config="true" signature="initDriver()[pri:0, instance:com.saucelabs.testcases.LoginTest@a1153bc]" started-at="2023-07-20T13:30:37 IST" name="initDriver" finished-at="2023-07-20T13:30:40 IST" duration-ms="2547" status="PASS">
          <reporter-output>
          </reporter-output>
        </test-method> <!-- initDriver -->
        <test-method signature="testlogin()[pri:0, instance:com.saucelabs.testcases.LoginTest@a1153bc]" started-at="2023-07-20T13:30:40 IST" name="testlogin" finished-at="2023-07-20T13:30:44 IST" duration-ms="3735" status="PASS">
          <reporter-output>
          </reporter-output>
        </test-method> <!-- testlogin -->
        <test-method is-config="true" signature="tearDown()[pri:0, instance:com.saucelabs.testcases.LoginTest@a1153bc]" started-at="2023-07-20T13:30:44 IST" name="tearDown" finished-at="2023-07-20T13:30:49 IST" duration-ms="5464" status="PASS">
          <reporter-output>
          </reporter-output>
        </test-method> <!-- tearDown -->
      </class> <!-- com.saucelabs.testcases.LoginTest -->
      <class name="com.saucelabs.testcases.SignUpTest">
        <test-method is-config="true" signature="initDriver()[pri:0, instance:com.saucelabs.testcases.SignUpTest@292b08d6]" started-at="2023-07-20T13:30:49 IST" name="initDriver" finished-at="2023-07-20T13:30:51 IST" duration-ms="1418" status="PASS">
          <reporter-output>
          </reporter-output>
        </test-method> <!-- initDriver -->
        <test-method signature="register()[pri:0, instance:com.saucelabs.testcases.SignUpTest@292b08d6]" started-at="2023-07-20T13:30:51 IST" name="register" finished-at="2023-07-20T13:30:58 IST" duration-ms="6985" status="PASS">
          <reporter-output>
          </reporter-output>
        </test-method> <!-- register -->
        <test-method is-config="true" signature="tearDown()[pri:0, instance:com.saucelabs.testcases.SignUpTest@292b08d6]" started-at="2023-07-20T13:30:58 IST" name="tearDown" finished-at="2023-07-20T13:31:03 IST" duration-ms="5389" status="PASS">
          <reporter-output>
          </reporter-output>
        </test-method> <!-- tearDown -->
      </class> <!-- com.saucelabs.testcases.SignUpTest -->
    </test> <!-- Default test -->
  </suite> <!-- Default suite -->
</testng-results>
